<?xml version="1.0" encoding="UTF-8"?>
<testsuite xmlns:xsi="http://www.w3.org/2001/XMLSchema-instance" xsi:noNamespaceSchemaLocation="https://maven.apache.org/surefire/maven-surefire-plugin/xsd/surefire-test-report-3.0.xsd" version="3.0" name="com.video.TestApplication" time="4.31" tests="1" errors="0" skipped="0" failures="0">
  <properties>
    <property name="sun.desktop" value="windows"/>
    <property name="awt.toolkit" value="sun.awt.windows.WToolkit"/>
    <property name="java.specification.version" value="11"/>
    <property name="sun.cpu.isalist" value="amd64"/>
    <property name="sun.jnu.encoding" value="GBK"/>
    <property name="java.class.path" value="C:\Time-is-Going\JavaExercise\Qiniu\qiniu-server\qiniu-security\target\test-classes;C:\Time-is-Going\JavaExercise\Qiniu\qiniu-server\qiniu-security\target\classes;C:\Software\maven\apache-maven-3.9.5\mvn_repo\org\springframework\boot\spring-boot-starter-test\2.3.7.RELEASE\spring-boot-starter-test-2.3.7.RELEASE.jar;C:\Software\maven\apache-maven-3.9.5\mvn_repo\org\springframework\boot\spring-boot-starter\2.3.7.RELEASE\spring-boot-starter-2.3.7.RELEASE.jar;C:\Software\maven\apache-maven-3.9.5\mvn_repo\org\springframework\boot\spring-boot\2.3.7.RELEASE\spring-boot-2.3.7.RELEASE.jar;C:\Software\maven\apache-maven-3.9.5\mvn_repo\org\springframework\boot\spring-boot-starter-logging\2.3.7.RELEASE\spring-boot-starter-logging-2.3.7.RELEASE.jar;C:\Software\maven\apache-maven-3.9.5\mvn_repo\ch\qos\logback\logback-classic\1.2.3\logback-classic-1.2.3.jar;C:\Software\maven\apache-maven-3.9.5\mvn_repo\ch\qos\logback\logback-core\1.2.3\logback-core-1.2.3.jar;C:\Software\maven\apache-maven-3.9.5\mvn_repo\org\apache\logging\log4j\log4j-to-slf4j\2.13.3\log4j-to-slf4j-2.13.3.jar;C:\Software\maven\apache-maven-3.9.5\mvn_repo\org\apache\logging\log4j\log4j-api\2.13.3\log4j-api-2.13.3.jar;C:\Software\maven\apache-maven-3.9.5\mvn_repo\org\slf4j\jul-to-slf4j\1.7.30\jul-to-slf4j-1.7.30.jar;C:\Software\maven\apache-maven-3.9.5\mvn_repo\jakarta\annotation\jakarta.annotation-api\1.3.5\jakarta.annotation-api-1.3.5.jar;C:\Software\maven\apache-maven-3.9.5\mvn_repo\org\yaml\snakeyaml\1.26\snakeyaml-1.26.jar;C:\Software\maven\apache-maven-3.9.5\mvn_repo\org\springframework\boot\spring-boot-test\2.3.7.RELEASE\spring-boot-test-2.3.7.RELEASE.jar;C:\Software\maven\apache-maven-3.9.5\mvn_repo\org\springframework\boot\spring-boot-test-autoconfigure\2.3.7.RELEASE\spring-boot-test-autoconfigure-2.3.7.RELEASE.jar;C:\Software\maven\apache-maven-3.9.5\mvn_repo\com\jayway\jsonpath\json-path\2.4.0\json-path-2.4.0.jar;C:\Software\maven\apache-maven-3.9.5\mvn_repo\net\minidev\json-smart\2.3\json-smart-2.3.jar;C:\Software\maven\apache-maven-3.9.5\mvn_repo\net\minidev\accessors-smart\1.2\accessors-smart-1.2.jar;C:\Software\maven\apache-maven-3.9.5\mvn_repo\org\ow2\asm\asm\5.0.4\asm-5.0.4.jar;C:\Software\maven\apache-maven-3.9.5\mvn_repo\org\slf4j\slf4j-api\1.7.30\slf4j-api-1.7.30.jar;C:\Software\maven\apache-maven-3.9.5\mvn_repo\jakarta\xml\bind\jakarta.xml.bind-api\2.3.3\jakarta.xml.bind-api-2.3.3.jar;C:\Software\maven\apache-maven-3.9.5\mvn_repo\jakarta\activation\jakarta.activation-api\1.2.2\jakarta.activation-api-1.2.2.jar;C:\Software\maven\apache-maven-3.9.5\mvn_repo\org\assertj\assertj-core\3.16.1\assertj-core-3.16.1.jar;C:\Software\maven\apache-maven-3.9.5\mvn_repo\org\hamcrest\hamcrest\2.2\hamcrest-2.2.jar;C:\Software\maven\apache-maven-3.9.5\mvn_repo\org\junit\jupiter\junit-jupiter\5.6.3\junit-jupiter-5.6.3.jar;C:\Software\maven\apache-maven-3.9.5\mvn_repo\org\junit\jupiter\junit-jupiter-api\5.6.3\junit-jupiter-api-5.6.3.jar;C:\Software\maven\apache-maven-3.9.5\mvn_repo\org\apiguardian\apiguardian-api\1.1.0\apiguardian-api-1.1.0.jar;C:\Software\maven\apache-maven-3.9.5\mvn_repo\org\opentest4j\opentest4j\1.2.0\opentest4j-1.2.0.jar;C:\Software\maven\apache-maven-3.9.5\mvn_repo\org\junit\platform\junit-platform-commons\1.6.3\junit-platform-commons-1.6.3.jar;C:\Software\maven\apache-maven-3.9.5\mvn_repo\org\junit\jupiter\junit-jupiter-params\5.6.3\junit-jupiter-params-5.6.3.jar;C:\Software\maven\apache-maven-3.9.5\mvn_repo\org\junit\jupiter\junit-jupiter-engine\5.6.3\junit-jupiter-engine-5.6.3.jar;C:\Software\maven\apache-maven-3.9.5\mvn_repo\org\junit\platform\junit-platform-engine\1.6.3\junit-platform-engine-1.6.3.jar;C:\Software\maven\apache-maven-3.9.5\mvn_repo\org\mockito\mockito-core\3.3.3\mockito-core-3.3.3.jar;C:\Software\maven\apache-maven-3.9.5\mvn_repo\net\bytebuddy\byte-buddy\1.10.18\byte-buddy-1.10.18.jar;C:\Software\maven\apache-maven-3.9.5\mvn_repo\net\bytebuddy\byte-buddy-agent\1.10.18\byte-buddy-agent-1.10.18.jar;C:\Software\maven\apache-maven-3.9.5\mvn_repo\org\objenesis\objenesis\2.6\objenesis-2.6.jar;C:\Software\maven\apache-maven-3.9.5\mvn_repo\org\mockito\mockito-junit-jupiter\3.3.3\mockito-junit-jupiter-3.3.3.jar;C:\Software\maven\apache-maven-3.9.5\mvn_repo\org\skyscreamer\jsonassert\1.5.0\jsonassert-1.5.0.jar;C:\Software\maven\apache-maven-3.9.5\mvn_repo\com\vaadin\external\google\android-json\0.0.20131108.vaadin1\android-json-0.0.20131108.vaadin1.jar;C:\Software\maven\apache-maven-3.9.5\mvn_repo\org\springframework\spring-core\5.2.12.RELEASE\spring-core-5.2.12.RELEASE.jar;C:\Software\maven\apache-maven-3.9.5\mvn_repo\org\springframework\spring-jcl\5.2.12.RELEASE\spring-jcl-5.2.12.RELEASE.jar;C:\Software\maven\apache-maven-3.9.5\mvn_repo\org\springframework\spring-test\5.2.12.RELEASE\spring-test-5.2.12.RELEASE.jar;C:\Software\maven\apache-maven-3.9.5\mvn_repo\org\xmlunit\xmlunit-core\2.7.0\xmlunit-core-2.7.0.jar;C:\Software\maven\apache-maven-3.9.5\mvn_repo\org\springframework\boot\spring-boot-starter-web\2.3.7.RELEASE\spring-boot-starter-web-2.3.7.RELEASE.jar;C:\Software\maven\apache-maven-3.9.5\mvn_repo\org\springframework\boot\spring-boot-starter-json\2.3.7.RELEASE\spring-boot-starter-json-2.3.7.RELEASE.jar;C:\Software\maven\apache-maven-3.9.5\mvn_repo\com\fasterxml\jackson\datatype\jackson-datatype-jdk8\2.11.3\jackson-datatype-jdk8-2.11.3.jar;C:\Software\maven\apache-maven-3.9.5\mvn_repo\com\fasterxml\jackson\datatype\jackson-datatype-jsr310\2.11.3\jackson-datatype-jsr310-2.11.3.jar;C:\Software\maven\apache-maven-3.9.5\mvn_repo\com\fasterxml\jackson\module\jackson-module-parameter-names\2.11.3\jackson-module-parameter-names-2.11.3.jar;C:\Software\maven\apache-maven-3.9.5\mvn_repo\org\springframework\boot\spring-boot-starter-tomcat\2.3.7.RELEASE\spring-boot-starter-tomcat-2.3.7.RELEASE.jar;C:\Software\maven\apache-maven-3.9.5\mvn_repo\org\apache\tomcat\embed\tomcat-embed-core\9.0.41\tomcat-embed-core-9.0.41.jar;C:\Software\maven\apache-maven-3.9.5\mvn_repo\org\glassfish\jakarta.el\3.0.3\jakarta.el-3.0.3.jar;C:\Software\maven\apache-maven-3.9.5\mvn_repo\org\apache\tomcat\embed\tomcat-embed-websocket\9.0.41\tomcat-embed-websocket-9.0.41.jar;C:\Software\maven\apache-maven-3.9.5\mvn_repo\org\springframework\spring-web\5.2.12.RELEASE\spring-web-5.2.12.RELEASE.jar;C:\Software\maven\apache-maven-3.9.5\mvn_repo\org\springframework\spring-beans\5.2.12.RELEASE\spring-beans-5.2.12.RELEASE.jar;C:\Software\maven\apache-maven-3.9.5\mvn_repo\org\springframework\spring-webmvc\5.2.12.RELEASE\spring-webmvc-5.2.12.RELEASE.jar;C:\Software\maven\apache-maven-3.9.5\mvn_repo\org\springframework\spring-aop\5.2.12.RELEASE\spring-aop-5.2.12.RELEASE.jar;C:\Software\maven\apache-maven-3.9.5\mvn_repo\org\springframework\spring-context\5.2.12.RELEASE\spring-context-5.2.12.RELEASE.jar;C:\Software\maven\apache-maven-3.9.5\mvn_repo\org\springframework\spring-expression\5.2.12.RELEASE\spring-expression-5.2.12.RELEASE.jar;C:\Software\maven\apache-maven-3.9.5\mvn_repo\org\springframework\cloud\spring-cloud-starter-security\2.2.4.RELEASE\spring-cloud-starter-security-2.2.4.RELEASE.jar;C:\Software\maven\apache-maven-3.9.5\mvn_repo\org\springframework\cloud\spring-cloud-starter\2.2.6.RELEASE\spring-cloud-starter-2.2.6.RELEASE.jar;C:\Software\maven\apache-maven-3.9.5\mvn_repo\org\springframework\cloud\spring-cloud-context\2.2.6.RELEASE\spring-cloud-context-2.2.6.RELEASE.jar;C:\Software\maven\apache-maven-3.9.5\mvn_repo\org\springframework\security\spring-security-crypto\5.3.6.RELEASE\spring-security-crypto-5.3.6.RELEASE.jar;C:\Software\maven\apache-maven-3.9.5\mvn_repo\org\springframework\cloud\spring-cloud-commons\2.2.6.RELEASE\spring-cloud-commons-2.2.6.RELEASE.jar;C:\Software\maven\apache-maven-3.9.5\mvn_repo\org\springframework\security\spring-security-rsa\1.0.9.RELEASE\spring-security-rsa-1.0.9.RELEASE.jar;C:\Software\maven\apache-maven-3.9.5\mvn_repo\org\bouncycastle\bcpkix-jdk15on\1.64\bcpkix-jdk15on-1.64.jar;C:\Software\maven\apache-maven-3.9.5\mvn_repo\org\bouncycastle\bcprov-jdk15on\1.64\bcprov-jdk15on-1.64.jar;C:\Software\maven\apache-maven-3.9.5\mvn_repo\org\springframework\boot\spring-boot-starter-actuator\2.3.7.RELEASE\spring-boot-starter-actuator-2.3.7.RELEASE.jar;C:\Software\maven\apache-maven-3.9.5\mvn_repo\org\springframework\boot\spring-boot-actuator-autoconfigure\2.3.7.RELEASE\spring-boot-actuator-autoconfigure-2.3.7.RELEASE.jar;C:\Software\maven\apache-maven-3.9.5\mvn_repo\org\springframework\boot\spring-boot-actuator\2.3.7.RELEASE\spring-boot-actuator-2.3.7.RELEASE.jar;C:\Software\maven\apache-maven-3.9.5\mvn_repo\io\micrometer\micrometer-core\1.5.9\micrometer-core-1.5.9.jar;C:\Software\maven\apache-maven-3.9.5\mvn_repo\org\hdrhistogram\HdrHistogram\2.1.12\HdrHistogram-2.1.12.jar;C:\Software\maven\apache-maven-3.9.5\mvn_repo\org\latencyutils\LatencyUtils\2.0.3\LatencyUtils-2.0.3.jar;C:\Software\maven\apache-maven-3.9.5\mvn_repo\org\springframework\cloud\spring-cloud-security\2.2.4.RELEASE\spring-cloud-security-2.2.4.RELEASE.jar;C:\Software\maven\apache-maven-3.9.5\mvn_repo\org\springframework\boot\spring-boot-starter-security\2.3.7.RELEASE\spring-boot-starter-security-2.3.7.RELEASE.jar;C:\Software\maven\apache-maven-3.9.5\mvn_repo\org\springframework\security\spring-security-config\5.3.6.RELEASE\spring-security-config-5.3.6.RELEASE.jar;C:\Software\maven\apache-maven-3.9.5\mvn_repo\org\springframework\security\spring-security-core\5.3.6.RELEASE\spring-security-core-5.3.6.RELEASE.jar;C:\Software\maven\apache-maven-3.9.5\mvn_repo\org\springframework\security\spring-security-web\5.3.6.RELEASE\spring-security-web-5.3.6.RELEASE.jar;C:\Software\maven\apache-maven-3.9.5\mvn_repo\javax\activation\javax.activation-api\1.2.0\javax.activation-api-1.2.0.jar;C:\Software\maven\apache-maven-3.9.5\mvn_repo\com\baomidou\mybatis-plus-boot-starter\3.4.1\mybatis-plus-boot-starter-3.4.1.jar;C:\Software\maven\apache-maven-3.9.5\mvn_repo\com\baomidou\mybatis-plus\3.4.1\mybatis-plus-3.4.1.jar;C:\Software\maven\apache-maven-3.9.5\mvn_repo\com\baomidou\mybatis-plus-extension\3.4.1\mybatis-plus-extension-3.4.1.jar;C:\Software\maven\apache-maven-3.9.5\mvn_repo\com\baomidou\mybatis-plus-core\3.4.1\mybatis-plus-core-3.4.1.jar;C:\Software\maven\apache-maven-3.9.5\mvn_repo\com\baomidou\mybatis-plus-annotation\3.4.1\mybatis-plus-annotation-3.4.1.jar;C:\Software\maven\apache-maven-3.9.5\mvn_repo\com\github\jsqlparser\jsqlparser\3.2\jsqlparser-3.2.jar;C:\Software\maven\apache-maven-3.9.5\mvn_repo\org\mybatis\mybatis\3.5.6\mybatis-3.5.6.jar;C:\Software\maven\apache-maven-3.9.5\mvn_repo\org\mybatis\mybatis-spring\2.0.5\mybatis-spring-2.0.5.jar;C:\Software\maven\apache-maven-3.9.5\mvn_repo\org\springframework\boot\spring-boot-autoconfigure\2.3.7.RELEASE\spring-boot-autoconfigure-2.3.7.RELEASE.jar;C:\Software\maven\apache-maven-3.9.5\mvn_repo\org\springframework\boot\spring-boot-starter-jdbc\2.3.7.RELEASE\spring-boot-starter-jdbc-2.3.7.RELEASE.jar;C:\Software\maven\apache-maven-3.9.5\mvn_repo\com\zaxxer\HikariCP\3.4.5\HikariCP-3.4.5.jar;C:\Software\maven\apache-maven-3.9.5\mvn_repo\org\springframework\spring-jdbc\5.2.12.RELEASE\spring-jdbc-5.2.12.RELEASE.jar;C:\Software\maven\apache-maven-3.9.5\mvn_repo\org\projectlombok\lombok\1.18.8\lombok-1.18.8.jar;C:\Software\maven\apache-maven-3.9.5\mvn_repo\mysql\mysql-connector-java\8.0.30\mysql-connector-java-8.0.30.jar;C:\Software\maven\apache-maven-3.9.5\mvn_repo\com\google\protobuf\protobuf-java\3.13.0\protobuf-java-3.13.0.jar;C:\Software\maven\apache-maven-3.9.5\mvn_repo\io\jsonwebtoken\jjwt\0.9.0\jjwt-0.9.0.jar;C:\Software\maven\apache-maven-3.9.5\mvn_repo\com\fasterxml\jackson\core\jackson-databind\2.11.3\jackson-databind-2.11.3.jar;C:\Software\maven\apache-maven-3.9.5\mvn_repo\com\fasterxml\jackson\core\jackson-annotations\2.11.3\jackson-annotations-2.11.3.jar;C:\Software\maven\apache-maven-3.9.5\mvn_repo\com\fasterxml\jackson\core\jackson-core\2.11.3\jackson-core-2.11.3.jar;C:\Software\maven\apache-maven-3.9.5\mvn_repo\javax\xml\bind\jaxb-api\2.1\jaxb-api-2.1.jar;C:\Software\maven\apache-maven-3.9.5\mvn_repo\javax\xml\stream\stax-api\1.0-2\stax-api-1.0-2.jar;C:\Software\maven\apache-maven-3.9.5\mvn_repo\javax\activation\activation\1.1\activation-1.1.jar;C:\Software\maven\apache-maven-3.9.5\mvn_repo\org\apache\commons\commons-pool2\2.8.1\commons-pool2-2.8.1.jar;C:\Software\maven\apache-maven-3.9.5\mvn_repo\org\springframework\boot\spring-boot-starter-data-redis\2.3.7.RELEASE\spring-boot-starter-data-redis-2.3.7.RELEASE.jar;C:\Software\maven\apache-maven-3.9.5\mvn_repo\org\springframework\data\spring-data-redis\2.3.6.RELEASE\spring-data-redis-2.3.6.RELEASE.jar;C:\Software\maven\apache-maven-3.9.5\mvn_repo\org\springframework\data\spring-data-keyvalue\2.3.6.RELEASE\spring-data-keyvalue-2.3.6.RELEASE.jar;C:\Software\maven\apache-maven-3.9.5\mvn_repo\org\springframework\data\spring-data-commons\2.3.6.RELEASE\spring-data-commons-2.3.6.RELEASE.jar;C:\Software\maven\apache-maven-3.9.5\mvn_repo\org\springframework\spring-tx\5.2.12.RELEASE\spring-tx-5.2.12.RELEASE.jar;C:\Software\maven\apache-maven-3.9.5\mvn_repo\org\springframework\spring-oxm\5.2.12.RELEASE\spring-oxm-5.2.12.RELEASE.jar;C:\Software\maven\apache-maven-3.9.5\mvn_repo\org\springframework\spring-context-support\5.2.12.RELEASE\spring-context-support-5.2.12.RELEASE.jar;C:\Software\maven\apache-maven-3.9.5\mvn_repo\io\lettuce\lettuce-core\5.3.5.RELEASE\lettuce-core-5.3.5.RELEASE.jar;C:\Software\maven\apache-maven-3.9.5\mvn_repo\io\netty\netty-common\4.1.55.Final\netty-common-4.1.55.Final.jar;C:\Software\maven\apache-maven-3.9.5\mvn_repo\io\netty\netty-handler\4.1.55.Final\netty-handler-4.1.55.Final.jar;C:\Software\maven\apache-maven-3.9.5\mvn_repo\io\netty\netty-resolver\4.1.55.Final\netty-resolver-4.1.55.Final.jar;C:\Software\maven\apache-maven-3.9.5\mvn_repo\io\netty\netty-buffer\4.1.55.Final\netty-buffer-4.1.55.Final.jar;C:\Software\maven\apache-maven-3.9.5\mvn_repo\io\netty\netty-codec\4.1.55.Final\netty-codec-4.1.55.Final.jar;C:\Software\maven\apache-maven-3.9.5\mvn_repo\io\netty\netty-transport\4.1.55.Final\netty-transport-4.1.55.Final.jar;C:\Software\maven\apache-maven-3.9.5\mvn_repo\io\projectreactor\reactor-core\3.3.12.RELEASE\reactor-core-3.3.12.RELEASE.jar;C:\Software\maven\apache-maven-3.9.5\mvn_repo\org\reactivestreams\reactive-streams\1.0.3\reactive-streams-1.0.3.jar;C:\Software\maven\apache-maven-3.9.5\mvn_repo\com\alibaba\fastjson\1.2.83\fastjson-1.2.83.jar;C:\Software\maven\apache-maven-3.9.5\mvn_repo\com\qiniu\qiniu-common\1.0-SNAPSHOT\qiniu-common-1.0-SNAPSHOT.jar;"/>
    <property name="java.vm.vendor" value="Oracle Corporation"/>
    <property name="sun.arch.data.model" value="64"/>
    <property name="user.variant" value=""/>
    <property name="java.vendor.url" value="https://openjdk.java.net/"/>
    <property name="user.timezone" value="Asia/Shanghai"/>
    <property name="java.vm.specification.version" value="11"/>
    <property name="os.name" value="Windows 11"/>
    <property name="sun.java.launcher" value="SUN_STANDARD"/>
    <property name="user.country" value="CN"/>
    <property name="sun.boot.library.path" value="C:\Software\JDK\bin"/>
    <property name="sun.java.command" value="C:\Users\91140\AppData\Local\Temp\surefire8951172104347633893\surefirebooter-20231102202011233_3.jar C:\Users\91140\AppData\Local\Temp\surefire8951172104347633893 2023-11-02T20-20-10_900-jvmRun1 surefire-20231102202011233_1tmp surefire_0-20231102202011233_2tmp"/>
    <property name="jdk.debug" value="release"/>
    <property name="surefire.test.class.path" value="C:\Time-is-Going\JavaExercise\Qiniu\qiniu-server\qiniu-security\target\test-classes;C:\Time-is-Going\JavaExercise\Qiniu\qiniu-server\qiniu-security\target\classes;C:\Software\maven\apache-maven-3.9.5\mvn_repo\org\springframework\boot\spring-boot-starter-test\2.3.7.RELEASE\spring-boot-starter-test-2.3.7.RELEASE.jar;C:\Software\maven\apache-maven-3.9.5\mvn_repo\org\springframework\boot\spring-boot-starter\2.3.7.RELEASE\spring-boot-starter-2.3.7.RELEASE.jar;C:\Software\maven\apache-maven-3.9.5\mvn_repo\org\springframework\boot\spring-boot\2.3.7.RELEASE\spring-boot-2.3.7.RELEASE.jar;C:\Software\maven\apache-maven-3.9.5\mvn_repo\org\springframework\boot\spring-boot-starter-logging\2.3.7.RELEASE\spring-boot-starter-logging-2.3.7.RELEASE.jar;C:\Software\maven\apache-maven-3.9.5\mvn_repo\ch\qos\logback\logback-classic\1.2.3\logback-classic-1.2.3.jar;C:\Software\maven\apache-maven-3.9.5\mvn_repo\ch\qos\logback\logback-core\1.2.3\logback-core-1.2.3.jar;C:\Software\maven\apache-maven-3.9.5\mvn_repo\org\apache\logging\log4j\log4j-to-slf4j\2.13.3\log4j-to-slf4j-2.13.3.jar;C:\Software\maven\apache-maven-3.9.5\mvn_repo\org\apache\logging\log4j\log4j-api\2.13.3\log4j-api-2.13.3.jar;C:\Software\maven\apache-maven-3.9.5\mvn_repo\org\slf4j\jul-to-slf4j\1.7.30\jul-to-slf4j-1.7.30.jar;C:\Software\maven\apache-maven-3.9.5\mvn_repo\jakarta\annotation\jakarta.annotation-api\1.3.5\jakarta.annotation-api-1.3.5.jar;C:\Software\maven\apache-maven-3.9.5\mvn_repo\org\yaml\snakeyaml\1.26\snakeyaml-1.26.jar;C:\Software\maven\apache-maven-3.9.5\mvn_repo\org\springframework\boot\spring-boot-test\2.3.7.RELEASE\spring-boot-test-2.3.7.RELEASE.jar;C:\Software\maven\apache-maven-3.9.5\mvn_repo\org\springframework\boot\spring-boot-test-autoconfigure\2.3.7.RELEASE\spring-boot-test-autoconfigure-2.3.7.RELEASE.jar;C:\Software\maven\apache-maven-3.9.5\mvn_repo\com\jayway\jsonpath\json-path\2.4.0\json-path-2.4.0.jar;C:\Software\maven\apache-maven-3.9.5\mvn_repo\net\minidev\json-smart\2.3\json-smart-2.3.jar;C:\Software\maven\apache-maven-3.9.5\mvn_repo\net\minidev\accessors-smart\1.2\accessors-smart-1.2.jar;C:\Software\maven\apache-maven-3.9.5\mvn_repo\org\ow2\asm\asm\5.0.4\asm-5.0.4.jar;C:\Software\maven\apache-maven-3.9.5\mvn_repo\org\slf4j\slf4j-api\1.7.30\slf4j-api-1.7.30.jar;C:\Software\maven\apache-maven-3.9.5\mvn_repo\jakarta\xml\bind\jakarta.xml.bind-api\2.3.3\jakarta.xml.bind-api-2.3.3.jar;C:\Software\maven\apache-maven-3.9.5\mvn_repo\jakarta\activation\jakarta.activation-api\1.2.2\jakarta.activation-api-1.2.2.jar;C:\Software\maven\apache-maven-3.9.5\mvn_repo\org\assertj\assertj-core\3.16.1\assertj-core-3.16.1.jar;C:\Software\maven\apache-maven-3.9.5\mvn_repo\org\hamcrest\hamcrest\2.2\hamcrest-2.2.jar;C:\Software\maven\apache-maven-3.9.5\mvn_repo\org\junit\jupiter\junit-jupiter\5.6.3\junit-jupiter-5.6.3.jar;C:\Software\maven\apache-maven-3.9.5\mvn_repo\org\junit\jupiter\junit-jupiter-api\5.6.3\junit-jupiter-api-5.6.3.jar;C:\Software\maven\apache-maven-3.9.5\mvn_repo\org\apiguardian\apiguardian-api\1.1.0\apiguardian-api-1.1.0.jar;C:\Software\maven\apache-maven-3.9.5\mvn_repo\org\opentest4j\opentest4j\1.2.0\opentest4j-1.2.0.jar;C:\Software\maven\apache-maven-3.9.5\mvn_repo\org\junit\platform\junit-platform-commons\1.6.3\junit-platform-commons-1.6.3.jar;C:\Software\maven\apache-maven-3.9.5\mvn_repo\org\junit\jupiter\junit-jupiter-params\5.6.3\junit-jupiter-params-5.6.3.jar;C:\Software\maven\apache-maven-3.9.5\mvn_repo\org\junit\jupiter\junit-jupiter-engine\5.6.3\junit-jupiter-engine-5.6.3.jar;C:\Software\maven\apache-maven-3.9.5\mvn_repo\org\junit\platform\junit-platform-engine\1.6.3\junit-platform-engine-1.6.3.jar;C:\Software\maven\apache-maven-3.9.5\mvn_repo\org\mockito\mockito-core\3.3.3\mockito-core-3.3.3.jar;C:\Software\maven\apache-maven-3.9.5\mvn_repo\net\bytebuddy\byte-buddy\1.10.18\byte-buddy-1.10.18.jar;C:\Software\maven\apache-maven-3.9.5\mvn_repo\net\bytebuddy\byte-buddy-agent\1.10.18\byte-buddy-agent-1.10.18.jar;C:\Software\maven\apache-maven-3.9.5\mvn_repo\org\objenesis\objenesis\2.6\objenesis-2.6.jar;C:\Software\maven\apache-maven-3.9.5\mvn_repo\org\mockito\mockito-junit-jupiter\3.3.3\mockito-junit-jupiter-3.3.3.jar;C:\Software\maven\apache-maven-3.9.5\mvn_repo\org\skyscreamer\jsonassert\1.5.0\jsonassert-1.5.0.jar;C:\Software\maven\apache-maven-3.9.5\mvn_repo\com\vaadin\external\google\android-json\0.0.20131108.vaadin1\android-json-0.0.20131108.vaadin1.jar;C:\Software\maven\apache-maven-3.9.5\mvn_repo\org\springframework\spring-core\5.2.12.RELEASE\spring-core-5.2.12.RELEASE.jar;C:\Software\maven\apache-maven-3.9.5\mvn_repo\org\springframework\spring-jcl\5.2.12.RELEASE\spring-jcl-5.2.12.RELEASE.jar;C:\Software\maven\apache-maven-3.9.5\mvn_repo\org\springframework\spring-test\5.2.12.RELEASE\spring-test-5.2.12.RELEASE.jar;C:\Software\maven\apache-maven-3.9.5\mvn_repo\org\xmlunit\xmlunit-core\2.7.0\xmlunit-core-2.7.0.jar;C:\Software\maven\apache-maven-3.9.5\mvn_repo\org\springframework\boot\spring-boot-starter-web\2.3.7.RELEASE\spring-boot-starter-web-2.3.7.RELEASE.jar;C:\Software\maven\apache-maven-3.9.5\mvn_repo\org\springframework\boot\spring-boot-starter-json\2.3.7.RELEASE\spring-boot-starter-json-2.3.7.RELEASE.jar;C:\Software\maven\apache-maven-3.9.5\mvn_repo\com\fasterxml\jackson\datatype\jackson-datatype-jdk8\2.11.3\jackson-datatype-jdk8-2.11.3.jar;C:\Software\maven\apache-maven-3.9.5\mvn_repo\com\fasterxml\jackson\datatype\jackson-datatype-jsr310\2.11.3\jackson-datatype-jsr310-2.11.3.jar;C:\Software\maven\apache-maven-3.9.5\mvn_repo\com\fasterxml\jackson\module\jackson-module-parameter-names\2.11.3\jackson-module-parameter-names-2.11.3.jar;C:\Software\maven\apache-maven-3.9.5\mvn_repo\org\springframework\boot\spring-boot-starter-tomcat\2.3.7.RELEASE\spring-boot-starter-tomcat-2.3.7.RELEASE.jar;C:\Software\maven\apache-maven-3.9.5\mvn_repo\org\apache\tomcat\embed\tomcat-embed-core\9.0.41\tomcat-embed-core-9.0.41.jar;C:\Software\maven\apache-maven-3.9.5\mvn_repo\org\glassfish\jakarta.el\3.0.3\jakarta.el-3.0.3.jar;C:\Software\maven\apache-maven-3.9.5\mvn_repo\org\apache\tomcat\embed\tomcat-embed-websocket\9.0.41\tomcat-embed-websocket-9.0.41.jar;C:\Software\maven\apache-maven-3.9.5\mvn_repo\org\springframework\spring-web\5.2.12.RELEASE\spring-web-5.2.12.RELEASE.jar;C:\Software\maven\apache-maven-3.9.5\mvn_repo\org\springframework\spring-beans\5.2.12.RELEASE\spring-beans-5.2.12.RELEASE.jar;C:\Software\maven\apache-maven-3.9.5\mvn_repo\org\springframework\spring-webmvc\5.2.12.RELEASE\spring-webmvc-5.2.12.RELEASE.jar;C:\Software\maven\apache-maven-3.9.5\mvn_repo\org\springframework\spring-aop\5.2.12.RELEASE\spring-aop-5.2.12.RELEASE.jar;C:\Software\maven\apache-maven-3.9.5\mvn_repo\org\springframework\spring-context\5.2.12.RELEASE\spring-context-5.2.12.RELEASE.jar;C:\Software\maven\apache-maven-3.9.5\mvn_repo\org\springframework\spring-expression\5.2.12.RELEASE\spring-expression-5.2.12.RELEASE.jar;C:\Software\maven\apache-maven-3.9.5\mvn_repo\org\springframework\cloud\spring-cloud-starter-security\2.2.4.RELEASE\spring-cloud-starter-security-2.2.4.RELEASE.jar;C:\Software\maven\apache-maven-3.9.5\mvn_repo\org\springframework\cloud\spring-cloud-starter\2.2.6.RELEASE\spring-cloud-starter-2.2.6.RELEASE.jar;C:\Software\maven\apache-maven-3.9.5\mvn_repo\org\springframework\cloud\spring-cloud-context\2.2.6.RELEASE\spring-cloud-context-2.2.6.RELEASE.jar;C:\Software\maven\apache-maven-3.9.5\mvn_repo\org\springframework\security\spring-security-crypto\5.3.6.RELEASE\spring-security-crypto-5.3.6.RELEASE.jar;C:\Software\maven\apache-maven-3.9.5\mvn_repo\org\springframework\cloud\spring-cloud-commons\2.2.6.RELEASE\spring-cloud-commons-2.2.6.RELEASE.jar;C:\Software\maven\apache-maven-3.9.5\mvn_repo\org\springframework\security\spring-security-rsa\1.0.9.RELEASE\spring-security-rsa-1.0.9.RELEASE.jar;C:\Software\maven\apache-maven-3.9.5\mvn_repo\org\bouncycastle\bcpkix-jdk15on\1.64\bcpkix-jdk15on-1.64.jar;C:\Software\maven\apache-maven-3.9.5\mvn_repo\org\bouncycastle\bcprov-jdk15on\1.64\bcprov-jdk15on-1.64.jar;C:\Software\maven\apache-maven-3.9.5\mvn_repo\org\springframework\boot\spring-boot-starter-actuator\2.3.7.RELEASE\spring-boot-starter-actuator-2.3.7.RELEASE.jar;C:\Software\maven\apache-maven-3.9.5\mvn_repo\org\springframework\boot\spring-boot-actuator-autoconfigure\2.3.7.RELEASE\spring-boot-actuator-autoconfigure-2.3.7.RELEASE.jar;C:\Software\maven\apache-maven-3.9.5\mvn_repo\org\springframework\boot\spring-boot-actuator\2.3.7.RELEASE\spring-boot-actuator-2.3.7.RELEASE.jar;C:\Software\maven\apache-maven-3.9.5\mvn_repo\io\micrometer\micrometer-core\1.5.9\micrometer-core-1.5.9.jar;C:\Software\maven\apache-maven-3.9.5\mvn_repo\org\hdrhistogram\HdrHistogram\2.1.12\HdrHistogram-2.1.12.jar;C:\Software\maven\apache-maven-3.9.5\mvn_repo\org\latencyutils\LatencyUtils\2.0.3\LatencyUtils-2.0.3.jar;C:\Software\maven\apache-maven-3.9.5\mvn_repo\org\springframework\cloud\spring-cloud-security\2.2.4.RELEASE\spring-cloud-security-2.2.4.RELEASE.jar;C:\Software\maven\apache-maven-3.9.5\mvn_repo\org\springframework\boot\spring-boot-starter-security\2.3.7.RELEASE\spring-boot-starter-security-2.3.7.RELEASE.jar;C:\Software\maven\apache-maven-3.9.5\mvn_repo\org\springframework\security\spring-security-config\5.3.6.RELEASE\spring-security-config-5.3.6.RELEASE.jar;C:\Software\maven\apache-maven-3.9.5\mvn_repo\org\springframework\security\spring-security-core\5.3.6.RELEASE\spring-security-core-5.3.6.RELEASE.jar;C:\Software\maven\apache-maven-3.9.5\mvn_repo\org\springframework\security\spring-security-web\5.3.6.RELEASE\spring-security-web-5.3.6.RELEASE.jar;C:\Software\maven\apache-maven-3.9.5\mvn_repo\javax\activation\javax.activation-api\1.2.0\javax.activation-api-1.2.0.jar;C:\Software\maven\apache-maven-3.9.5\mvn_repo\com\baomidou\mybatis-plus-boot-starter\3.4.1\mybatis-plus-boot-starter-3.4.1.jar;C:\Software\maven\apache-maven-3.9.5\mvn_repo\com\baomidou\mybatis-plus\3.4.1\mybatis-plus-3.4.1.jar;C:\Software\maven\apache-maven-3.9.5\mvn_repo\com\baomidou\mybatis-plus-extension\3.4.1\mybatis-plus-extension-3.4.1.jar;C:\Software\maven\apache-maven-3.9.5\mvn_repo\com\baomidou\mybatis-plus-core\3.4.1\mybatis-plus-core-3.4.1.jar;C:\Software\maven\apache-maven-3.9.5\mvn_repo\com\baomidou\mybatis-plus-annotation\3.4.1\mybatis-plus-annotation-3.4.1.jar;C:\Software\maven\apache-maven-3.9.5\mvn_repo\com\github\jsqlparser\jsqlparser\3.2\jsqlparser-3.2.jar;C:\Software\maven\apache-maven-3.9.5\mvn_repo\org\mybatis\mybatis\3.5.6\mybatis-3.5.6.jar;C:\Software\maven\apache-maven-3.9.5\mvn_repo\org\mybatis\mybatis-spring\2.0.5\mybatis-spring-2.0.5.jar;C:\Software\maven\apache-maven-3.9.5\mvn_repo\org\springframework\boot\spring-boot-autoconfigure\2.3.7.RELEASE\spring-boot-autoconfigure-2.3.7.RELEASE.jar;C:\Software\maven\apache-maven-3.9.5\mvn_repo\org\springframework\boot\spring-boot-starter-jdbc\2.3.7.RELEASE\spring-boot-starter-jdbc-2.3.7.RELEASE.jar;C:\Software\maven\apache-maven-3.9.5\mvn_repo\com\zaxxer\HikariCP\3.4.5\HikariCP-3.4.5.jar;C:\Software\maven\apache-maven-3.9.5\mvn_repo\org\springframework\spring-jdbc\5.2.12.RELEASE\spring-jdbc-5.2.12.RELEASE.jar;C:\Software\maven\apache-maven-3.9.5\mvn_repo\org\projectlombok\lombok\1.18.8\lombok-1.18.8.jar;C:\Software\maven\apache-maven-3.9.5\mvn_repo\mysql\mysql-connector-java\8.0.30\mysql-connector-java-8.0.30.jar;C:\Software\maven\apache-maven-3.9.5\mvn_repo\com\google\protobuf\protobuf-java\3.13.0\protobuf-java-3.13.0.jar;C:\Software\maven\apache-maven-3.9.5\mvn_repo\io\jsonwebtoken\jjwt\0.9.0\jjwt-0.9.0.jar;C:\Software\maven\apache-maven-3.9.5\mvn_repo\com\fasterxml\jackson\core\jackson-databind\2.11.3\jackson-databind-2.11.3.jar;C:\Software\maven\apache-maven-3.9.5\mvn_repo\com\fasterxml\jackson\core\jackson-annotations\2.11.3\jackson-annotations-2.11.3.jar;C:\Software\maven\apache-maven-3.9.5\mvn_repo\com\fasterxml\jackson\core\jackson-core\2.11.3\jackson-core-2.11.3.jar;C:\Software\maven\apache-maven-3.9.5\mvn_repo\javax\xml\bind\jaxb-api\2.1\jaxb-api-2.1.jar;C:\Software\maven\apache-maven-3.9.5\mvn_repo\javax\xml\stream\stax-api\1.0-2\stax-api-1.0-2.jar;C:\Software\maven\apache-maven-3.9.5\mvn_repo\javax\activation\activation\1.1\activation-1.1.jar;C:\Software\maven\apache-maven-3.9.5\mvn_repo\org\apache\commons\commons-pool2\2.8.1\commons-pool2-2.8.1.jar;C:\Software\maven\apache-maven-3.9.5\mvn_repo\org\springframework\boot\spring-boot-starter-data-redis\2.3.7.RELEASE\spring-boot-starter-data-redis-2.3.7.RELEASE.jar;C:\Software\maven\apache-maven-3.9.5\mvn_repo\org\springframework\data\spring-data-redis\2.3.6.RELEASE\spring-data-redis-2.3.6.RELEASE.jar;C:\Software\maven\apache-maven-3.9.5\mvn_repo\org\springframework\data\spring-data-keyvalue\2.3.6.RELEASE\spring-data-keyvalue-2.3.6.RELEASE.jar;C:\Software\maven\apache-maven-3.9.5\mvn_repo\org\springframework\data\spring-data-commons\2.3.6.RELEASE\spring-data-commons-2.3.6.RELEASE.jar;C:\Software\maven\apache-maven-3.9.5\mvn_repo\org\springframework\spring-tx\5.2.12.RELEASE\spring-tx-5.2.12.RELEASE.jar;C:\Software\maven\apache-maven-3.9.5\mvn_repo\org\springframework\spring-oxm\5.2.12.RELEASE\spring-oxm-5.2.12.RELEASE.jar;C:\Software\maven\apache-maven-3.9.5\mvn_repo\org\springframework\spring-context-support\5.2.12.RELEASE\spring-context-support-5.2.12.RELEASE.jar;C:\Software\maven\apache-maven-3.9.5\mvn_repo\io\lettuce\lettuce-core\5.3.5.RELEASE\lettuce-core-5.3.5.RELEASE.jar;C:\Software\maven\apache-maven-3.9.5\mvn_repo\io\netty\netty-common\4.1.55.Final\netty-common-4.1.55.Final.jar;C:\Software\maven\apache-maven-3.9.5\mvn_repo\io\netty\netty-handler\4.1.55.Final\netty-handler-4.1.55.Final.jar;C:\Software\maven\apache-maven-3.9.5\mvn_repo\io\netty\netty-resolver\4.1.55.Final\netty-resolver-4.1.55.Final.jar;C:\Software\maven\apache-maven-3.9.5\mvn_repo\io\netty\netty-buffer\4.1.55.Final\netty-buffer-4.1.55.Final.jar;C:\Software\maven\apache-maven-3.9.5\mvn_repo\io\netty\netty-codec\4.1.55.Final\netty-codec-4.1.55.Final.jar;C:\Software\maven\apache-maven-3.9.5\mvn_repo\io\netty\netty-transport\4.1.55.Final\netty-transport-4.1.55.Final.jar;C:\Software\maven\apache-maven-3.9.5\mvn_repo\io\projectreactor\reactor-core\3.3.12.RELEASE\reactor-core-3.3.12.RELEASE.jar;C:\Software\maven\apache-maven-3.9.5\mvn_repo\org\reactivestreams\reactive-streams\1.0.3\reactive-streams-1.0.3.jar;C:\Software\maven\apache-maven-3.9.5\mvn_repo\com\alibaba\fastjson\1.2.83\fastjson-1.2.83.jar;C:\Software\maven\apache-maven-3.9.5\mvn_repo\com\qiniu\qiniu-common\1.0-SNAPSHOT\qiniu-common-1.0-SNAPSHOT.jar;"/>
    <property name="sun.cpu.endian" value="little"/>
    <property name="user.home" value="C:\Users\91140"/>
    <property name="user.language" value="zh"/>
    <property name="java.specification.vendor" value="Oracle Corporation"/>
    <property name="java.version.date" value="2023-07-18"/>
    <property name="java.home" value="C:\Software\JDK"/>
    <property name="file.separator" value="\"/>
    <property name="basedir" value="C:\Time-is-Going\JavaExercise\Qiniu\qiniu-server\qiniu-security"/>
    <property name="java.vm.compressedOopsMode" value="Zero based"/>
    <property name="line.separator" value="&#10;"/>
    <property name="java.specification.name" value="Java Platform API Specification"/>
    <property name="java.vm.specification.vendor" value="Oracle Corporation"/>
    <property name="java.awt.graphicsenv" value="sun.awt.Win32GraphicsEnvironment"/>
    <property name="java.awt.headless" value="true"/>
    <property name="surefire.real.class.path" value="C:\Users\91140\AppData\Local\Temp\surefire8951172104347633893\surefirebooter-20231102202011233_3.jar"/>
    <property name="user.script" value=""/>
    <property name="sun.management.compiler" value="HotSpot 64-Bit Tiered Compilers"/>
    <property name="java.runtime.version" value="11.0.20+9-LTS-256"/>
    <property name="user.name" value="91140"/>
    <property name="path.separator" value=";"/>
    <property name="os.version" value="10.0"/>
    <property name="java.runtime.name" value="Java(TM) SE Runtime Environment"/>
    <property name="file.encoding" value="GBK"/>
    <property name="spring.beaninfo.ignore" value="true"/>
    <property name="java.vm.name" value="Java HotSpot(TM) 64-Bit Server VM"/>
    <property name="java.vendor.version" value="18.9"/>
    <property name="localRepository" value="C:\Software\maven\apache-maven-3.9.5\mvn_repo"/>
    <property name="java.vendor.url.bug" value="https://bugreport.java.com/bugreport/"/>
    <property name="java.io.tmpdir" value="C:\Users\91140\AppData\Local\Temp\"/>
    <property name="idea.version" value="2023.2.4"/>
    <property name="java.version" value="11.0.20"/>
    <property name="user.dir" value="C:\Time-is-Going\JavaExercise\Qiniu\qiniu-server\qiniu-security"/>
    <property name="os.arch" value="amd64"/>
    <property name="java.vm.specification.name" value="Java Virtual Machine Specification"/>
    <property name="PID" value="2672"/>
    <property name="java.awt.printerjob" value="sun.awt.windows.WPrinterJob"/>
    <property name="sun.os.patch.level" value=""/>
    <property name="java.library.path" value="C:\Software\JDK\bin;C:\WINDOWS\Sun\Java\bin;C:\WINDOWS\system32;C:\WINDOWS;C:\Program Files\Common Files\Oracle\Java\javapath;c:\software\python3.7\scripts\;c:\software\python3.7\;c:\software\vmware\bin\;c:\software\python\scripts\;c:\software\python\;c:\program files\nvidia gpu computing toolkit\cuda\v11.7\bin;c:\program files\nvidia gpu computing toolkit\cuda\v11.7\libnvvp;c:\program files\microsoft\jdk-11.0.12.7-hotspot\bin;c:\windows\system32;c:\windows;c:\windows\system32\wbem;c:\windows\system32\windowspowershell\v1.0\;c:\windows\system32\openssh\;c:\????\bandizip\;c;\????\nodejs\;:\????\git\cmd;\software\nodejs\;c:\software\git\cmd;c:\blog\wcilzo\bin;c:\program files\dotnet\;c:\windows\system32;c:\windows;c:\windows\system32\wbem;c:\windows\system32\windowspowershell\v1.0\;c:\windows\system32\openssh\;c:\program files\nvidia corporation\nsight compute 2022.2.1\;c:\software\matlabr2022\runtime\win64;c:\software\matlabr2022\bin;&quot;;c:\windows\system32;c:\windows;c:\windows\system32\wbem;c:\windows\syswow64&quot;;c:\program files\microsoft sql server\110\tools\binn\;c:\software\cmake\bin;c:\asdf\vc\tools\msvc\14.29.30133\bin\hostx86\x86;%msvc%\bin\hostx64\x64;c:\programdata\nvs;%wk10_bin%\x64;c:\software\nodejs\node_global;c:\program files\nodejs;c:\software\nodejs\node_cache;C:\Program Files (x86)\NVIDIA Corporation\PhysX\Common;C:\Program Files\NVIDIA Corporation\NVIDIA NvDLISR;C:\Program Files (x86)\Yarn\bin\;C:\Time-is-Going\putty\;C:\Tools\espjs-latest;C:\Software\maven\apache-maven-3.9.5\bin;C:\Software\JDK\bin;C:\Software\JDK%\jre\bin;C:\Program Files\MySQL\MySQL Server 5.7\\bin;C:\Program Files\MySQL\MySQL Server 5.7\bin;C:\Users\91140\scoop\shims;C:\Software\python3.7\Scripts\;C:\Software\python3.7\;C:\Software\VMware\bin\;C:\Software\python\Scripts\;C:\Software\python\;C:\Program Files\NVIDIA GPU Computing Toolkit\CUDA\v11.7\bin;C:\Program Files\NVIDIA GPU Computing Toolkit\CUDA\v11.7\libnvvp;C:\Program Files\Microsoft\jdk-11.0.12.7-hotspot\bin;C:\Windows\system32;C:\Windows;C:\Windows\System32\Wbem;C:\Windows\System32\WindowsPowerShell\v1.0\;C:\Windows\System32\OpenSSH\;C:\????\Bandizip\;C;\????\nodejs\;:\????\Git\cmd;\Software\nodejs\;C:\Software\Git\cmd;C:\blog\Wcilzo\bin;C:\Program Files (x86)\Microsoft Emulator Manager\1.0\;C:\Program Files\dotnet\;C:\Program Files\NVIDIA Corporation\NVIDIA NvDLISR;C:\Program Files (x86)\NVIDIA Corporation\PhysX\Common;C:\WINDOWS\system32;C:\WINDOWS;C:\WINDOWS\System32\Wbem;C:\WINDOWS\System32\WindowsPowerShell\v1.0\;C:\WINDOWS\System32\OpenSSH\;C:\Program Files\NVIDIA Corporation\Nsight Compute 2022.2.1\;C:\Software\MATLABR2022\runtime\win64;C:\Software\MATLABR2022\bin;C:\WINDOWS\system32;C:\WINDOWS;C:\WINDOWS;C:\Software\Microsoft VS Code\bin;C:\Users\91140\AppData\Local\Programs\oh-my-posh\bin;C:\Users\91140\AppData\Local\Yarn\bin;C:\Tools\Graphviz\bin;C:\Users\91140\AppData\Local\JetBrains\Toolbox\scripts;;."/>
    <property name="java.vendor" value="Oracle Corporation"/>
    <property name="java.vm.info" value="mixed mode"/>
    <property name="java.vm.version" value="11.0.20+9-LTS-256"/>
    <property name="java.specification.maintenance.version" value="2"/>
    <property name="sun.io.unicode.encoding" value="UnicodeLittle"/>
    <property name="java.class.version" value="55.0"/>
  </properties>
  <testcase name="TestBCryptPasswordEncoder" classname="com.video.TestApplication" time="0.584">
    <system-out><![CDATA[20:20:11.898 [main] DEBUG org.springframework.test.context.BootstrapUtils - Instantiating CacheAwareContextLoaderDelegate from class [org.springframework.test.context.cache.DefaultCacheAwareContextLoaderDelegate]
20:20:11.906 [main] DEBUG org.springframework.test.context.BootstrapUtils - Instantiating BootstrapContext using constructor [public org.springframework.test.context.support.DefaultBootstrapContext(java.lang.Class,org.springframework.test.context.CacheAwareContextLoaderDelegate)]
20:20:11.931 [main] DEBUG org.springframework.test.context.BootstrapUtils - Instantiating TestContextBootstrapper for test class [com.video.TestApplication] from class [org.springframework.boot.test.context.SpringBootTestContextBootstrapper]
20:20:11.941 [main] INFO org.springframework.boot.test.context.SpringBootTestContextBootstrapper - Neither @ContextConfiguration nor @ContextHierarchy found for test class [com.video.TestApplication], using SpringBootContextLoader
20:20:11.944 [main] DEBUG org.springframework.test.context.support.AbstractContextLoader - Did not detect default resource location for test class [com.video.TestApplication]: class path resource [com/video/TestApplication-context.xml] does not exist
20:20:11.945 [main] DEBUG org.springframework.test.context.support.AbstractContextLoader - Did not detect default resource location for test class [com.video.TestApplication]: class path resource [com/video/TestApplicationContext.groovy] does not exist
20:20:11.945 [main] INFO org.springframework.test.context.support.AbstractContextLoader - Could not detect default resource locations for test class [com.video.TestApplication]: no resource found for suffixes {-context.xml, Context.groovy}.
20:20:11.945 [main] INFO org.springframework.test.context.support.AnnotationConfigContextLoaderUtils - Could not detect default configuration classes for test class [com.video.TestApplication]: TestApplication does not declare any static, non-private, non-final, nested classes annotated with @Configuration.
20:20:11.974 [main] DEBUG org.springframework.test.context.support.ActiveProfilesUtils - Could not find an 'annotation declaring class' for annotation type [org.springframework.test.context.ActiveProfiles] and class [com.video.TestApplication]
20:20:12.003 [main] DEBUG org.springframework.context.annotation.ClassPathScanningCandidateComponentProvider - Identified candidate component class: file [C:\Time-is-Going\JavaExercise\Qiniu\qiniu-server\qiniu-security\target\test-classes\com\video\TestApplication.class]
20:20:12.003 [main] INFO org.springframework.boot.test.context.SpringBootTestContextBootstrapper - Found @SpringBootConfiguration com.video.TestApplication for test class com.video.TestApplication
20:20:12.073 [main] DEBUG org.springframework.boot.test.context.SpringBootTestContextBootstrapper - @TestExecutionListeners is not present for class [com.video.TestApplication]: using defaults.
20:20:12.074 [main] INFO org.springframework.boot.test.context.SpringBootTestContextBootstrapper - Loaded default TestExecutionListener class names from location [META-INF/spring.factories]: [org.springframework.boot.test.mock.mockito.MockitoTestExecutionListener, org.springframework.boot.test.mock.mockito.ResetMocksTestExecutionListener, org.springframework.boot.test.autoconfigure.restdocs.RestDocsTestExecutionListener, org.springframework.boot.test.autoconfigure.web.client.MockRestServiceServerResetTestExecutionListener, org.springframework.boot.test.autoconfigure.web.servlet.MockMvcPrintOnlyOnFailureTestExecutionListener, org.springframework.boot.test.autoconfigure.web.servlet.WebDriverTestExecutionListener, org.springframework.boot.test.autoconfigure.webservices.client.MockWebServiceServerTestExecutionListener, org.springframework.test.context.web.ServletTestExecutionListener, org.springframework.test.context.support.DirtiesContextBeforeModesTestExecutionListener, org.springframework.test.context.support.DependencyInjectionTestExecutionListener, org.springframework.test.context.support.DirtiesContextTestExecutionListener, org.springframework.test.context.transaction.TransactionalTestExecutionListener, org.springframework.test.context.jdbc.SqlScriptsTestExecutionListener, org.springframework.test.context.event.EventPublishingTestExecutionListener]
20:20:12.085 [main] INFO org.springframework.boot.test.context.SpringBootTestContextBootstrapper - Using TestExecutionListeners: [org.springframework.test.context.web.ServletTestExecutionListener@42f33b5d, org.springframework.test.context.support.DirtiesContextBeforeModesTestExecutionListener@5c8504fd, org.springframework.boot.test.mock.mockito.MockitoTestExecutionListener@4b7e96a, org.springframework.boot.test.autoconfigure.SpringBootDependencyInjectionTestExecutionListener@6475472c, org.springframework.test.context.support.DirtiesContextTestExecutionListener@3f07b12c, org.springframework.test.context.transaction.TransactionalTestExecutionListener@4bd1f8dd, org.springframework.test.context.jdbc.SqlScriptsTestExecutionListener@7096b474, org.springframework.test.context.event.EventPublishingTestExecutionListener@3e14c16d, org.springframework.boot.test.mock.mockito.ResetMocksTestExecutionListener@3c989952, org.springframework.boot.test.autoconfigure.restdocs.RestDocsTestExecutionListener@784b990c, org.springframework.boot.test.autoconfigure.web.client.MockRestServiceServerResetTestExecutionListener@3d3ba765, org.springframework.boot.test.autoconfigure.web.servlet.MockMvcPrintOnlyOnFailureTestExecutionListener@25bc0606, org.springframework.boot.test.autoconfigure.web.servlet.WebDriverTestExecutionListener@5d1659ea, org.springframework.boot.test.autoconfigure.webservices.client.MockWebServiceServerTestExecutionListener@793138bd]
20:20:12.088 [main] DEBUG org.springframework.test.context.support.AbstractDirtiesContextTestExecutionListener - Before test class: context [DefaultTestContext@bff34c6 testClass = TestApplication, testInstance = [null], testMethod = [null], testException = [null], mergedContextConfiguration = [WebMergedContextConfiguration@1522d8a0 testClass = TestApplication, locations = '{}', classes = '{class com.video.TestApplication}', contextInitializerClasses = '[]', activeProfiles = '{}', propertySourceLocations = '{}', propertySourceProperties = '{org.springframework.boot.test.context.SpringBootTestContextBootstrapper=true}', contextCustomizers = set[org.springframework.boot.test.context.filter.ExcludeFilterContextCustomizer@275bf9b3, org.springframework.boot.test.json.DuplicateJsonObjectContextCustomizerFactory$DuplicateJsonObjectContextCustomizer@12a94400, org.springframework.boot.test.mock.mockito.MockitoContextCustomizer@0, org.springframework.boot.test.web.client.TestRestTemplateContextCustomizer@2609b277, org.springframework.boot.test.autoconfigure.properties.PropertyMappingContextCustomizer@0, org.springframework.boot.test.autoconfigure.web.servlet.WebDriverContextCustomizerFactory$Customizer@4816278d, org.springframework.boot.test.context.SpringBootTestArgs@1, org.springframework.boot.test.context.SpringBootTestWebEnvironment@31304f14], resourceBasePath = 'src/main/webapp', contextLoader = 'org.springframework.boot.test.context.SpringBootContextLoader', parent = [null]], attributes = map['org.springframework.test.context.web.ServletTestExecutionListener.activateListener' -> true]], class annotated with @DirtiesContext [false] with mode [null].
20:20:12.114 [main] DEBUG org.springframework.test.context.support.TestPropertySourceUtils - Adding inlined properties to environment: {spring.jmx.enabled=false, org.springframework.boot.test.context.SpringBootTestContextBootstrapper=true}

  .   ____          _            __ _ _
 /\\ / ___'_ __ _ _(_)_ __  __ _ \ \ \ \
( ( )\___ | '_ | '_| | '_ \/ _` | \ \ \ \
 \\/  ___)| |_)| | | | | || (_| |  ) ) ) )
  '  |____| .__|_| |_|_| |_\__, | / / / /
 =========|_|==============|___/=/_/_/_/
 :: Spring Boot ::        (v2.3.7.RELEASE)

2023-11-02 20:20:15.427  INFO 2672 --- [           main] com.video.TestApplication                : No active profile set, falling back to default profiles: default
2023-11-02 20:20:15.546  INFO 2672 --- [           main] com.video.TestApplication                : Started TestApplication in 3.423 seconds (JVM running for 4.179)
$2a$10$8qkw6MeiiE9vW7AUYWrTqO86OmhkIclUpFkxzoKuCpYu7VNm5Gj/W
]]></system-out>
  </testcase>
</testsuite>